12/12/2021, 12:50:23 - INFO - Server is running on port: 3030 
12/12/2021, 12:50:37 - DEBUG - auth.service - login with username: guest1@gmail.com (sid: pa6_umj1fwP34PyTyWkKFzVeuCY_sXRV)
12/12/2021, 12:50:37 - ERROR - Failed to Login TypeError: Cannot read properties of null (reading 'password') (sid: pa6_umj1fwP34PyTyWkKFzVeuCY_sXRV)
12/12/2021, 12:50:38 - DEBUG - auth.service - login with username: null (sid: pa6_umj1fwP34PyTyWkKFzVeuCY_sXRV)
12/12/2021, 12:50:38 - ERROR - Failed to Login TypeError: Cannot read properties of null (reading 'password') (sid: pa6_umj1fwP34PyTyWkKFzVeuCY_sXRV)
12/12/2021, 12:50:45 - DEBUG - auth.service - login with username: null (sid: pa6_umj1fwP34PyTyWkKFzVeuCY_sXRV)
12/12/2021, 12:50:45 - ERROR - Failed to Login TypeError: Cannot read properties of null (reading 'password') (sid: pa6_umj1fwP34PyTyWkKFzVeuCY_sXRV)
12/12/2021, 12:50:49 - DEBUG - auth.service - signup with username: benernst3@gmail.com, fullname: Ben Ernst (sid: pa6_umj1fwP34PyTyWkKFzVeuCY_sXRV)
12/12/2021, 12:50:49 - DEBUG - auth.route - new account created: {"username":"benernst3@gmail.com","password":"$2b$10$WMM6xZSqKwLKVlCWBVW1Xu97UO5HXD1RD5G0P9PHNdcLNnr21DGO.","fullname":"Ben Ernst","imgUrl":"https://lh3.googleusercontent.com/a-/AOh14Gg3mftDLJfQbndPGNrezvJyq-o0rd_7_xZQH_E_Dw=s96-c","_id":"61b5d40923561ea3027afb21"} (sid: pa6_umj1fwP34PyTyWkKFzVeuCY_sXRV)
12/12/2021, 12:50:49 - DEBUG - auth.service - login with username: benernst3@gmail.com (sid: pa6_umj1fwP34PyTyWkKFzVeuCY_sXRV)
12/12/2021, 12:51:41 - INFO - Server is running on port: 3030 
12/12/2021, 12:52:19 - DEBUG - auth.service - login with username: null (sid: wgyxp27hZ-JTiH0cWByXldhKPa6kw-Mi)
12/12/2021, 12:52:21 - ERROR - Failed to Login TypeError: Cannot read properties of null (reading 'password') (sid: wgyxp27hZ-JTiH0cWByXldhKPa6kw-Mi)
12/12/2021, 12:52:24 - DEBUG - auth.service - signup with username: benernst3@gmail.com, fullname: Ben Ernst (sid: wgyxp27hZ-JTiH0cWByXldhKPa6kw-Mi)
12/12/2021, 12:52:24 - DEBUG - auth.route - new account created: {"username":"benernst3@gmail.com","password":"$2b$10$s7nutxI2k6IHJE/h27SyEOfHMetA4TbULWNAcJYK4zT.oT1XNr2gS","fullname":"Ben Ernst","imgUrl":"https://lh3.googleusercontent.com/a-/AOh14Gg3mftDLJfQbndPGNrezvJyq-o0rd_7_xZQH_E_Dw=s96-c","_id":"61b5d468a89a7b4af0acbc10"} (sid: wgyxp27hZ-JTiH0cWByXldhKPa6kw-Mi)
12/12/2021, 12:52:24 - DEBUG - auth.service - login with username: benernst3@gmail.com (sid: wgyxp27hZ-JTiH0cWByXldhKPa6kw-Mi)
12/12/2021, 12:53:11 - INFO - Server is running on port: 3030 
12/12/2021, 12:53:17 - DEBUG - auth.service - login with username: null (sid: j30gawfk22Cba2XoWhqYi_uR6NEQzIYE)
12/12/2021, 12:53:19 - ERROR - Failed to Login TypeError: Cannot read properties of null (reading 'password') (sid: j30gawfk22Cba2XoWhqYi_uR6NEQzIYE)
12/12/2021, 12:53:22 - DEBUG - auth.service - login with username: benernst3@gmail.com (sid: j30gawfk22Cba2XoWhqYi_uR6NEQzIYE)
12/12/2021, 12:53:22 - DEBUG - auth.route - new account created: undefined (sid: j30gawfk22Cba2XoWhqYi_uR6NEQzIYE)
12/12/2021, 12:53:22 - DEBUG - auth.service - login with username: benernst3@gmail.com (sid: j30gawfk22Cba2XoWhqYi_uR6NEQzIYE)
